# JRE version: OpenJDK Runtime Environment (8.0_152-b06) (build 1.8.0_152-release-1136-b06)
# Java VM: OpenJDK 64-Bit Server VM (25.152-b06 mixed mode windows-amd64 compressed oops)
Heap:
 PSYoungGen      total 159232K, used 30521K [0x00000000e0000000, 0x00000000ee480000, 0x0000000100000000)
  eden space 142848K, 21% used [0x00000000e0000000,0x00000000e1dce540,0x00000000e8b80000)
  from space 16384K, 0% used [0x00000000e8b80000,0x00000000e8b80000,0x00000000e9b80000)
  to   space 16384K, 0% used [0x00000000ed480000,0x00000000ed480000,0x00000000ee480000)
 ParOldGen       total 150016K, used 41579K [0x00000000a0000000, 0x00000000a9280000, 0x00000000e0000000)
  object space 150016K, 27% used [0x00000000a0000000,0x00000000a289ad18,0x00000000a9280000)
 Metaspace       used 60550K, capacity 62458K, committed 62680K, reserved 1103872K
  class space    used 8146K, capacity 8613K, committed 8704K, reserved 1048576K
GC Heap History (10 events):
Event: 18.730 GC heap before
{Heap before GC invocations=12 (full 2):
 PSYoungGen      total 95744K, used 90121K [0x00000000e0000000, 0x00000000e8300000, 0x0000000100000000)
  eden space 81920K, 100% used [0x00000000e0000000,0x00000000e5000000,0x00000000e5000000)
  from space 13824K, 59% used [0x00000000e5000000,0x00000000e58026a0,0x00000000e5d80000)
  to   space 13312K, 0% used [0x00000000e7600000,0x00000000e7600000,0x00000000e8300000)
 ParOldGen       total 95744K, used 17355K [0x00000000a0000000, 0x00000000a5d80000, 0x00000000e0000000)
  object space 95744K, 18% used [0x00000000a0000000,0x00000000a10f2e80,0x00000000a5d80000)
 Metaspace       used 48946K, capacity 49992K, committed 50392K, reserved 1093632K
  class space    used 6506K, capacity 6856K, committed 6912K, reserved 1048576K
Event: 18.756 GC heap after
Heap after GC invocations=12 (full 2):
 PSYoungGen      total 119296K, used 12388K [0x00000000e0000000, 0x00000000e8700000, 0x0000000100000000)
  eden space 105984K, 0% used [0x00000000e0000000,0x00000000e0000000,0x00000000e6780000)
  from space 13312K, 93% used [0x00000000e7600000,0x00000000e82191f0,0x00000000e8300000)
  to   space 14848K, 0% used [0x00000000e6780000,0x00000000e6780000,0x00000000e7600000)
 ParOldGen       total 95744K, used 17363K [0x00000000a0000000, 0x00000000a5d80000, 0x00000000e0000000)
  object space 95744K, 18% used [0x00000000a0000000,0x00000000a10f4e80,0x00000000a5d80000)
 Metaspace       used 48946K, capacity 49992K, committed 50392K, reserved 1093632K
  class space    used 6506K, capacity 6856K, committed 6912K, reserved 1048576K
}
Event: 20.946 GC heap before
{Heap before GC invocations=13 (full 2):
 PSYoungGen      total 119296K, used 118372K [0x00000000e0000000, 0x00000000e8700000, 0x0000000100000000)
  eden space 105984K, 100% used [0x00000000e0000000,0x00000000e6780000,0x00000000e6780000)
  from space 13312K, 93% used [0x00000000e7600000,0x00000000e82191f0,0x00000000e8300000)
  to   space 14848K, 0% used [0x00000000e6780000,0x00000000e6780000,0x00000000e7600000)
 ParOldGen       total 95744K, used 17363K [0x00000000a0000000, 0x00000000a5d80000, 0x00000000e0000000)
  object space 95744K, 18% used [0x00000000a0000000,0x00000000a10f4e80,0x00000000a5d80000)
 Metaspace       used 54125K, capacity 55842K, committed 56152K, reserved 1097728K
  class space    used 7258K, capacity 7687K, committed 7808K, reserved 1048576K
Event: 20.979 GC heap after
Heap after GC invocations=13 (full 2):
 PSYoungGen      total 120832K, used 14547K [0x00000000e0000000, 0x00000000eab80000, 0x0000000100000000)
  eden space 105984K, 0% used [0x00000000e0000000,0x00000000e0000000,0x00000000e6780000)
  from space 14848K, 97% used [0x00000000e6780000,0x00000000e75b4ea8,0x00000000e7600000)
  to   space 16384K, 0% used [0x00000000e9b80000,0x00000000e9b80000,0x00000000eab80000)
 ParOldGen       total 95744K, used 21147K [0x00000000a0000000, 0x00000000a5d80000, 0x00000000e0000000)
  object space 95744K, 22% used [0x00000000a0000000,0x00000000a14a6ea0,0x00000000a5d80000)
 Metaspace       used 54125K, capacity 55842K, committed 56152K, reserved 1097728K
  class space    used 7258K, capacity 7687K, committed 7808K, reserved 1048576K
}
Event: 22.544 GC heap before
{Heap before GC invocations=14 (full 2):
 PSYoungGen      total 120832K, used 120531K [0x00000000e0000000, 0x00000000eab80000, 0x0000000100000000)
  eden space 105984K, 100% used [0x00000000e0000000,0x00000000e6780000,0x00000000e6780000)
  from space 14848K, 97% used [0x00000000e6780000,0x00000000e75b4ea8,0x00000000e7600000)
  to   space 16384K, 0% used [0x00000000e9b80000,0x00000000e9b80000,0x00000000eab80000)
 ParOldGen       total 95744K, used 21147K [0x00000000a0000000, 0x00000000a5d80000, 0x00000000e0000000)
  object space 95744K, 22% used [0x00000000a0000000,0x00000000a14a6ea0,0x00000000a5d80000)
 Metaspace       used 56256K, capacity 58002K, committed 58200K, reserved 1099776K
  class space    used 7569K, capacity 8026K, committed 8064K, reserved 1048576K
Event: 22.569 GC heap after
Heap after GC invocations=14 (full 2):
 PSYoungGen      total 159232K, used 10673K [0x00000000e0000000, 0x00000000ead80000, 0x0000000100000000)
  eden space 142848K, 0% used [0x00000000e0000000,0x00000000e0000000,0x00000000e8b80000)
  from space 16384K, 65% used [0x00000000e9b80000,0x00000000ea5ec4a0,0x00000000eab80000)
  to   space 16384K, 0% used [0x00000000e8b80000,0x00000000e8b80000,0x00000000e9b80000)
 ParOldGen       total 95744K, used 30732K [0x00000000a0000000, 0x00000000a5d80000, 0x00000000e0000000)
  object space 95744K, 32% used [0x00000000a0000000,0x00000000a1e03100,0x00000000a5d80000)
 Metaspace       used 56256K, capacity 58002K, committed 58200K, reserved 1099776K
  class space    used 7569K, capacity 8026K, committed 8064K, reserved 1048576K
}
Event: 23.630 GC heap before
{Heap before GC invocations=15 (full 2):
 PSYoungGen      total 159232K, used 46740K [0x00000000e0000000, 0x00000000ead80000, 0x0000000100000000)
  eden space 142848K, 25% used [0x00000000e0000000,0x00000000e2338f58,0x00000000e8b80000)
  from space 16384K, 65% used [0x00000000e9b80000,0x00000000ea5ec4a0,0x00000000eab80000)
  to   space 16384K, 0% used [0x00000000e8b80000,0x00000000e8b80000,0x00000000e9b80000)
 ParOldGen       total 95744K, used 30732K [0x00000000a0000000, 0x00000000a5d80000, 0x00000000e0000000)
  object space 95744K, 32% used [0x00000000a0000000,0x00000000a1e03100,0x00000000a5d80000)
 Metaspace       used 57210K, capacity 59008K, committed 59028K, reserved 1099776K
  class space    used 7737K, capacity 8181K, committed 8192K, reserved 1048576K
Event: 23.663 GC heap after
Heap after GC invocations=15 (full 2):
 PSYoungGen      total 159232K, used 4601K [0x00000000e0000000, 0x00000000ee480000, 0x0000000100000000)
  eden space 142848K, 0% used [0x00000000e0000000,0x00000000e0000000,0x00000000e8b80000)
  from space 16384K, 28% used [0x00000000e8b80000,0x00000000e8ffe6c8,0x00000000e9b80000)
  to   space 16384K, 0% used [0x00000000ed480000,0x00000000ed480000,0x00000000ee480000)
 ParOldGen       total 95744K, used 40098K [0x00000000a0000000, 0x00000000a5d80000, 0x00000000e0000000)
  object space 95744K, 41% used [0x00000000a0000000,0x00000000a27289a0,0x00000000a5d80000)
 Metaspace       used 57210K, capacity 59008K, committed 59028K, reserved 1099776K
  class space    used 7737K, capacity 8181K, committed 8192K, reserved 1048576K
}
Event: 23.663 GC heap before
{Heap before GC invocations=16 (full 3):
 PSYoungGen      total 159232K, used 4601K [0x00000000e0000000, 0x00000000ee480000, 0x0000000100000000)
  eden space 142848K, 0% used [0x00000000e0000000,0x00000000e0000000,0x00000000e8b80000)
  from space 16384K, 28% used [0x00000000e8b80000,0x00000000e8ffe6c8,0x00000000e9b80000)
  to   space 16384K, 0% used [0x00000000ed480000,0x00000000ed480000,0x00000000ee480000)
 ParOldGen       total 95744K, used 40098K [0x00000000a0000000, 0x00000000a5d80000, 0x00000000e0000000)
  object space 95744K, 41% used [0x00000000a0000000,0x00000000a27289a0,0x00000000a5d80000)
 Metaspace       used 57210K, capacity 59008K, committed 59028K, reserved 1099776K
  class space    used 7737K, capacity 8181K, committed 8192K, reserved 1048576K
Event: 24.105 GC heap after
Heap after GC invocations=16 (full 3):
 PSYoungGen      total 159232K, used 0K [0x00000000e0000000, 0x00000000ee480000, 0x0000000100000000)
  eden space 142848K, 0% used [0x00000000e0000000,0x00000000e0000000,0x00000000e8b80000)
  from space 16384K, 0% used [0x00000000e8b80000,0x00000000e8b80000,0x00000000e9b80000)
  to   space 16384K, 0% used [0x00000000ed480000,0x00000000ed480000,0x00000000ee480000)
 ParOldGen       total 150016K, used 41579K [0x00000000a0000000, 0x00000000a9280000, 0x00000000e0000000)
  object space 150016K, 27% used [0x00000000a0000000,0x00000000a289ad18,0x00000000a9280000)
 Metaspace       used 57210K, capacity 59008K, committed 59028K, reserved 1099776K
  class space    used 7737K, capacity 8181K, committed 8192K, reserved 1048576K
}

